INFO:root:Download Successful!!
INFO:root:Download Successful!!
INFO:root:Download Successful!!
INFO:root:Extracting all the files now...
INFO:root:Done!
INFO:root:Download Successful!!
INFO:root:Extracting all the files now...
INFO:root:Done!
INFO:root:Download Successful!!
INFO:root:Extracting all the files now...
INFO:root:Done!
INFO:root:Download Successful!!
INFO:root:Extracting all the files now...
INFO:root:Done!
INFO:root:Download Successful!!
INFO:root:Extracting all the files now...
INFO:root:Done!
INFO:root:Download Successful!!
INFO:root:Extracting all the files now...
INFO:root:Done!
INFO:root:Download Successful!!
INFO:root:Extracting all the files now...
INFO:root:Done!
INFO:root:Download Successful!!
INFO:root:Extracting all the files now...
INFO:root:Done!
INFO:root:Download Successful!!
INFO:root:Extracting all the files now...
INFO:root:Done!
INFO:root:Download Successful!!
INFO:root:Extracting all the files now...
INFO:root:Done!
INFO:root:Download Successful!!
INFO:root:Extracting all the files now...
INFO:root:Done!
INFO:root:Download Successful!!
INFO:root:Extracting all the files now...
INFO:root:Done!
INFO:root:Download Successful!!
INFO:root:Extracting all the files now...
INFO:root:Done!
INFO:root:Wrote 141381 rows to output.csv
INFO:root:Download Successful!!
INFO:root:Extracting all the files now...
INFO:root:Done!
INFO:root:Wrote 141381 rows to output.csv
INFO:root:Download Successful!!
INFO:root:Extracting all the files now...
INFO:root:Done!
INFO:root:Download Successful!!
INFO:root:Extracting all the files now...
INFO:root:Done!
INFO:root:Wrote 1 rows to output.csv
INFO:root:Download Successful!!
INFO:root:Extracting all the files now...
INFO:root:Done!
INFO:root:Wrote 141381 rows to output.csv
INFO:root:Download Successful!!
INFO:root:Extracting all the files now...
INFO:root:Done!
INFO:root:Wrote 141381 rows to output.csv
INFO:root:Wrote 141381 rows to output.csv
INFO:root:Wrote 141381 rows to output.csv
INFO:root:Wrote 141381 rows to output.csv
INFO:root:Wrote 141381 rows to output.csv
INFO:root:Wrote 141381 rows to output.csv
INFO:root:Download Successful!!
INFO:root:Extracting all the files now...
INFO:root:Done!
INFO:root:Wrote 141381 rows to output.csv
INFO:root:Download Successful!!
INFO:root:Extracting all the files now...
INFO:root:Done!
INFO:root:Wrote 141381 rows to output.csv
INFO:root:Download Successful!!
INFO:root:Extracting all the files now...
INFO:root:Done!
INFO:root:Wrote 141381 rows to output.csv
INFO:root:Download Successful!!
INFO:root:Extracting all the files now...
INFO:root:Done!
INFO:root:Wrote 141381 rows to output.csv
ERROR:root:
INFO:root:Download Successful!!
INFO:root:Extracting all the files now...
INFO:root:Done!
INFO:root:Wrote 141381 rows to output.csv
INFO:root:Download Successful!!
INFO:root:Extracting all the files now...
INFO:root:Done!
INFO:root:Wrote 141381 rows to output.csv
INFO:root:Download Successful!!
INFO:root:Extracting all the files now...
INFO:root:Done!
INFO:root:Wrote 141381 rows to output.csv
INFO:root:Checked the output file created..
INFO:root:Checked the data is stored in output.csv
INFO:root:Checked the downloaded file..
INFO:root:Checked the extraction of file..
INFO:root:Download Successful!!
INFO:root:Extracting all the files now...
INFO:root:Done!
INFO:root:Wrote 141381 rows to output.csv
INFO:root:Checked the output file created..
INFO:root:Checked the data is stored in output.csv
INFO:root:Checked the downloaded file..
INFO:root:Checked the extraction of file..
INFO:root:Download Successful!!
INFO:root:Download Successful!!
INFO:root:Download Successful!!
INFO:root:Extracting all the files now...
INFO:root:Done!
INFO:root:Wrote 141381 rows to output.csv
INFO:root:Checked the output file created..
INFO:root:Checked the data stored in respective columns
INFO:root:Checked the file is  downloaded..
INFO:root:Checked the file is extracted..
INFO:root:Checked for null values in CSV output
INFO:root:Download Successful!!
INFO:root:Extracting all the files now...
INFO:root:Done!
INFO:root:Checked the output file created..
INFO:root:Checked the data is stored in output.csv
INFO:root:Checked the file is  downloaded..
INFO:root:Checked the file is extracted..
INFO:root:Download Successful!!
INFO:root:Extracting all the files now...
INFO:root:Done!
INFO:root:Checked the output file created..
INFO:root:Checked the file is  downloaded..
INFO:root:Checked the file is extracted..
INFO:root:Checked the output.csv file for null values.
INFO:root:Download Successful!!
INFO:root:Extracting all the files now...
INFO:root:Done!
INFO:root:Checked the output file created..
INFO:root:Checked the file is  downloaded..
INFO:root:Checked the file is extracted..
INFO:root:Checked the output.csv file for null values.
INFO:root:Download Successful!!
INFO:root:Extracting all the files now...
INFO:root:Done!
INFO:root:Checked the output file created..
INFO:root:Checked the file is  downloaded..
INFO:root:Checked the file is extracted..
INFO:root:Checked the data is stored in output.csv
INFO:root:Download Successful!!
INFO:root:Extracting all the files now...
INFO:root:Done!
INFO:root:Checked the output file created..
INFO:root:Checked the file is  downloaded..
INFO:root:Checked the file is extracted..
INFO:root:Checked the data is stored in output.csv
INFO:root:Download Successful!!
INFO:root:Extracting all the files now...
INFO:root:Done!
INFO:root:Checked the output file created..
INFO:root:Checked the file is  downloaded..
INFO:root:Checked the file is extracted..
INFO:root:Checked the data is stored in output.csv
INFO:root:Download Successful!!
INFO:root:Extracting all the files now...
INFO:root:Done!
INFO:root:Checked the output file created..
INFO:root:Checked the file is  downloaded..
INFO:root:Checked the file is extracted..
INFO:root:Checked the data is stored in output.csv
INFO:root:Download Successful!!
INFO:root:Extracting all the files now...
INFO:root:Done!
INFO:root:Checked the output file created..
INFO:root:Checked the file is downloaded..
INFO:root:Checked the file is extracted..
INFO:root:Checked the data is stored in output.csv
INFO:root:Successfully download!!
INFO:root:Extracting all the files now...
INFO:root:Done!
INFO:root:Checked the output file created..
INFO:root:Checked the file is downloaded..
INFO:root:Checked the file is extracted..
INFO:root:Checked the data is stored in output.csv
INFO:root:Successfully download!!
INFO:root:Extracting all the files now...
INFO:root:Done!
INFO:root:Checked the output file created..
INFO:root:Checked the file is downloaded..
INFO:root:Checked the file is extracted..
ERROR:root:An error occurred while testing CSV file data: [Errno 2] No such file or directory: 'rohit.csv'
INFO:root:Successfully download!!
INFO:root:Extracting all the files now...
INFO:root:Done!
ERROR:root:The output.csv file does not exist
INFO:root:Checked the file is downloaded..
INFO:root:Checked the file is extracted..
ERROR:root:An error occurred while testing CSV file data: [Errno 2] No such file or directory: 'rohit.csv'
INFO:root:Successfully download!!
INFO:root:Extracting all the files now...
INFO:root:Done!
ERROR:root:An error occurred while parsing XML file: module 'csv' has no attribute 'Writer'
INFO:root:Checked the output file created..
INFO:root:Checked the file is downloaded..
INFO:root:Checked the file is extracted..
ERROR:root:An error occurred while testing CSV file data: 
INFO:root:Successfully download!!
INFO:root:Extracting all the files now...
INFO:root:Done!
ERROR:root:An error occurred while parsing XML file: 'lxml.etree.iterparse' object has no attribute 'getroot'
INFO:root:Checked the output file created..
INFO:root:Checked the file is downloaded..
INFO:root:Checked the file is extracted..
ERROR:root:The output.csv file does not have any data
INFO:root:Successfully download!!
INFO:root:Extracting all the files now...
INFO:root:Done!
INFO:root:Checked the output file created..
INFO:root:Checked the file is downloaded..
INFO:root:Checked the file is extracted..
INFO:root:Checked the data is stored in output.csv
INFO:root:Successfully download!!
INFO:root:Extracting all the files now...
INFO:root:Done!
INFO:root:Checked the output file created..
INFO:root:Checked the file is downloaded..
INFO:root:Checked the file is extracted..
INFO:root:Checked the data is stored in output.csv
INFO:root:Successfully download!!
INFO:root:Extracting all the files now...
INFO:root:Done!
INFO:root:Checked the output file created..
INFO:root:Checked the file is downloaded..
INFO:root:Checked the file is extracted..
INFO:root:Checked the data is stored in output.csv
INFO:root:Successfully download!!
INFO:root:Extracting all the files now...
INFO:root:Done!
INFO:root:Checked the output file created..
INFO:root:Checked the file is downloaded..
INFO:root:Checked the file is extracted..
INFO:root:Checked the data is stored in output.csv
INFO:root:Successfully download!!
INFO:root:Extracting all the files now...
INFO:root:Done!
INFO:root:Checked the output file created..
INFO:root:Checked the file is downloaded..
INFO:root:Checked the file is extracted..
INFO:root:Checked the data is stored in output.csv
